d:\opengl\bin\intermediates\win32\debug\vc141.pdb
d:\opengl\bin\intermediates\win32\debug\vc141.idb
d:\opengl\bin\intermediates\win32\debug\texture.obj
d:\opengl\bin\intermediates\win32\debug\vertexarray.obj
d:\opengl\bin\intermediates\win32\debug\vertexbuffer.obj
d:\opengl\bin\intermediates\win32\debug\stb_image.obj
d:\opengl\bin\intermediates\win32\debug\imgui_impl_glfw_gl3.obj
d:\opengl\bin\intermediates\win32\debug\imgui_draw.obj
d:\opengl\bin\intermediates\win32\debug\imgui_demo.obj
d:\opengl\bin\intermediates\win32\debug\imgui.obj
d:\opengl\bin\intermediates\win32\debug\glm.obj
d:\opengl\bin\intermediates\win32\debug\shader.obj
d:\opengl\bin\intermediates\win32\debug\model.obj
d:\opengl\bin\intermediates\win32\debug\mesh.obj
d:\opengl\bin\intermediates\win32\debug\indexbuffer.obj
d:\opengl\bin\intermediates\win32\debug\camera.obj
d:\opengl\bin\intermediates\win32\debug\application.obj
d:\opengl\bin\intermediates\win32\debug\renderer.obj
d:\opengl\bin\win32\debug\opengl.exe
d:\opengl\bin\win32\debug\opengl.ilk
d:\opengl\bin\win32\debug\opengl.pdb
d:\opengl\bin\intermediates\win32\debug\opengl.tlog\cl.read.1.tlog
d:\opengl\bin\intermediates\win32\debug\opengl.tlog\cl.write.1.tlog
d:\opengl\bin\intermediates\win32\debug\opengl.tlog\cl.command.1.tlog
d:\opengl\bin\intermediates\win32\debug\opengl.tlog\link.read.1.tlog
d:\opengl\bin\intermediates\win32\debug\opengl.tlog\link.write.1.tlog
d:\opengl\bin\intermediates\win32\debug\opengl.tlog\link.command.1.tlog
