  Application.cpp
d:\dev\opengl\opengl\opengl\src\application.cpp(123): warning C4018: '<': signed/unsigned mismatch
d:\dev\opengl\opengl\opengl\src\application.cpp(235): warning C4244: 'initializing': conversion from 'double' to 'float', possible loss of data
d:\dev\opengl\opengl\opengl\src\application.cpp(218): warning C4101: 'pitch': unreferenced local variable
d:\dev\opengl\opengl\opengl\src\application.cpp(219): warning C4101: 'yaw': unreferenced local variable
  Camera.cpp
d:\dev\opengl\opengl\opengl\src\camera.cpp(61): warning C4244: '=': conversion from 'double' to 'float', possible loss of data
d:\dev\opengl\opengl\opengl\src\camera.cpp(62): warning C4244: '=': conversion from 'double' to 'float', possible loss of data
d:\dev\opengl\opengl\opengl\src\camera.cpp(65): warning C4244: '=': conversion from 'double' to 'float', possible loss of data
d:\dev\opengl\opengl\opengl\src\camera.cpp(66): warning C4244: '=': conversion from 'double' to 'float', possible loss of data
d:\dev\opengl\opengl\opengl\src\camera.cpp(68): warning C4244: '=': conversion from 'double' to 'float', possible loss of data
d:\dev\opengl\opengl\opengl\src\camera.cpp(69): warning C4244: '=': conversion from 'double' to 'float', possible loss of data
  IndexBuffer.cpp
  Renderer.cpp
  Shader.cpp
  Texture.cpp
  VertexArray.cpp
  VertexBuffer.cpp
  glm.cpp
  imgui.cpp
  imgui_demo.cpp
  imgui_draw.cpp
  imgui_impl_glfw_gl3.cpp
  stb_image.cpp
  Generating Code...
LINK : warning LNK4098: defaultlib 'MSVCRT' conflicts with use of other libs; use /NODEFAULTLIB:library
LINK : warning LNK4098: defaultlib 'LIBCMT' conflicts with use of other libs; use /NODEFAULTLIB:library
glew32s.lib(glew.obj) : warning LNK4099: PDB 'vc120.pdb' was not found with 'glew32s.lib(glew.obj)' or at 'D:\dev\OpenGL\OpenGL\bin\Win32\Debug\vc120.pdb'; linking object as if no debug info
  OpenGL.vcxproj -> D:\dev\OpenGL\OpenGL\bin\Win32\Debug\OpenGL.exe
